\BOOKMARK [1][-]{section.1}{\376\377\000A\000n\000a\000l\000i\000s\000i}{}% 1
\BOOKMARK [2][-]{subsection.1.1}{\376\377\000A\000n\000a\000l\000i\000s\000i\000\040\000d\000e\000l\000l\000'\000u\000t\000e\000n\000z\000a}{section.1}% 2
\BOOKMARK [3][-]{subsubsection.1.1.1}{\376\377\000R\000i\000c\000e\000r\000c\000a}{subsection.1.1}% 3
\BOOKMARK [1][-]{section.2}{\376\377\000\040\000F\000a\000s\000e\000\040\000d\000i\000\040\000P\000r\000o\000g\000e\000t\000t\000a\000z\000i\000o\000n\000e}{}% 4
\BOOKMARK [2][-]{subsection.2.1}{\376\377\000O\000b\000i\000e\000t\000t\000i\000v\000i}{section.2}% 5
\BOOKMARK [2][-]{subsection.2.2}{\376\377\000C\000l\000a\000s\000s\000i\000\040\000d\000i\000\040\000u\000t\000e\000n\000t\000i\000:}{section.2}% 6
\BOOKMARK [2][-]{subsection.2.3}{\376\377\000S\000t\000r\000u\000t\000t\000u\000r\000a\000\040\000d\000e\000l\000\040\000s\000i\000t\000o}{section.2}% 7
\BOOKMARK [3][-]{subsubsection.2.3.1}{\376\377\000H\000e\000a\000d\000e\000r}{subsection.2.3}% 8
\BOOKMARK [3][-]{subsubsection.2.3.2}{\376\377\000B\000r\000e\000a\000d\000c\000r\000u\000m\000b}{subsection.2.3}% 9
\BOOKMARK [3][-]{subsubsection.2.3.3}{\376\377\000C\000o\000n\000t\000e\000n\000u\000t\000o}{subsection.2.3}% 10
\BOOKMARK [1][-]{section.3}{\376\377\000F\000a\000s\000e\000\040\000d\000i\000\040\000R\000e\000a\000l\000i\000z\000z\000a\000z\000i\000o\000n\000e}{}% 11
\BOOKMARK [1][-]{section.4}{\376\377\000P\000r\000e\000s\000e\000n\000t\000a\000z\000i\000o\000n\000e}{}% 12
\BOOKMARK [2][-]{subsection.4.1}{\376\377\000D\000e\000s\000k\000t\000o\000p}{section.4}% 13
\BOOKMARK [2][-]{subsection.4.2}{\376\377\000M\000o\000b\000i\000l\000e}{section.4}% 14
\BOOKMARK [2][-]{subsection.4.3}{\376\377\000P\000r\000i\000n\000t}{section.4}% 15
\BOOKMARK [1][-]{section.5}{\376\377\000C\000o\000m\000p\000o\000r\000t\000a\000m\000e\000n\000t\000o}{}% 16
\BOOKMARK [2][-]{subsection.5.1}{\376\377\000J\000a\000v\000a\000s\000c\000r\000i\000p\000t}{section.5}% 17
\BOOKMARK [2][-]{subsection.5.2}{\376\377\000B\000a\000c\000k\000E\000n\000d}{section.5}% 18
\BOOKMARK [3][-]{subsubsection.5.2.1}{\376\377\000P\000h\000p}{subsection.5.2}% 19
\BOOKMARK [3][-]{subsubsection.5.2.2}{\376\377\000D\000a\000t\000a\000b\000a\000s\000e}{subsection.5.2}% 20
\BOOKMARK [1][-]{section.6}{\376\377\000F\000a\000s\000e\000\040\000d\000i\000\040\000T\000e\000s\000t}{}% 21
\BOOKMARK [2][-]{subsubsection.6.0.1}{\376\377\000C\000o\000l\000o\000r\000i}{section.6}% 22
